<?xml version="1.0" encoding="UTF-8"?>
<!-- Generated by org.testng.reporters.JUnitReportReporter -->
<testsuite skipped="0" hostname="IBM044-PC05SKBH" name="com.training.sanity.tests.LoginTest_ELTC_002" tests="1" failures="0" timestamp="28 May 2019 07:41:47 GMT" time="36.392" errors="0">
  <testcase name="validLoginTest" time="36.392" classname="com.training.sanity.tests.LoginTest_ELTC_002"/>
</testsuite> <!-- com.training.sanity.tests.LoginTest_ELTC_002 -->
