<?xml version="1.0" encoding="UTF-8"?>
<!-- Generated by org.testng.reporters.JUnitReportReporter -->
<testsuite skipped="0" hostname="IBM044-PC05SKBH" name="com.training.sanity.tests.example1" tests="1" failures="0" timestamp="31 May 2019 10:12:41 GMT" time="42.181" errors="0">
  <testcase name="validLoginTest" time="42.181" classname="com.training.sanity.tests.example1"/>
</testsuite> <!-- com.training.sanity.tests.example1 -->
