<?xml version="1.0" encoding="UTF-8"?>
<!-- Generated by org.testng.reporters.JUnitReportReporter -->
<testsuite skipped="0" hostname="IBM044-PC05SKBH" name="com.training.regression.tests.RegStudentDetailToDB_ELTC_063" tests="1" failures="0" timestamp="20 Jun 2019 07:17:12 GMT" time="49.613" errors="0">
  <testcase name="loginDBTest10" time="49.613" classname="com.training.regression.tests.RegStudentDetailToDB_ELTC_063"/>
</testsuite> <!-- com.training.regression.tests.RegStudentDetailToDB_ELTC_063 -->
