<?xml version="1.0" encoding="UTF-8"?>
<!-- Generated by org.testng.reporters.JUnitReportReporter -->
<testsuite skipped="0" hostname="IBM044-PC05SKBH" name="com.training.sanity.tests.TeacherCreateTest_ELTC_032" tests="1" failures="0" timestamp="13 Jun 2019 14:24:36 GMT" time="202.103" errors="0">
  <testcase name="validLoginTest" time="202.103" classname="com.training.sanity.tests.TeacherCreateTest_ELTC_032"/>
</testsuite> <!-- com.training.sanity.tests.TeacherCreateTest_ELTC_032 -->
