<?xml version="1.0" encoding="UTF-8"?>
<!-- Generated by org.testng.reporters.JUnitReportReporter -->
<testsuite skipped="0" hostname="IBM044-PC05SKBH" name="com.training.sanity.tests.LoginTest_ELTC_001" tests="1" failures="0" timestamp="30 May 2019 05:15:14 GMT" time="46.596" errors="0">
  <testcase name="validLoginTest" time="46.596" classname="com.training.sanity.tests.LoginTest_ELTC_001"/>
</testsuite> <!-- com.training.sanity.tests.LoginTest_ELTC_001 -->
