<?xml version="1.0" encoding="UTF-8"?>
<!-- Generated by org.testng.reporters.JUnitReportReporter -->
<testsuite skipped="0" hostname="IBM044-PC05SKBH" name="com.training.sanity.tests.LoginTests1" tests="1" failures="0" timestamp="28 May 2019 04:51:25 GMT" time="43.721" errors="0">
  <testcase name="validLoginTest" time="43.721" classname="com.training.sanity.tests.LoginTests1"/>
</testsuite> <!-- com.training.sanity.tests.LoginTests1 -->
