<?xml version="1.0" encoding="UTF-8"?>
<!-- Generated by org.testng.reporters.JUnitReportReporter -->
<testsuite skipped="0" hostname="IBM044-PC05SKBH" name="com.training.sanity.tests.ChangePSWD_ELTC_003" tests="1" failures="0" timestamp="28 May 2019 09:44:29 GMT" time="43.217" errors="0">
  <testcase name="validLoginTest" time="43.217" classname="com.training.sanity.tests.ChangePSWD_ELTC_003"/>
</testsuite> <!-- com.training.sanity.tests.ChangePSWD_ELTC_003 -->
