<?xml version="1.0" encoding="UTF-8"?>
<!-- Generated by org.testng.reporters.JUnitReportReporter -->
<testsuite skipped="0" hostname="IBM044-PC05SKBH" name="com.training.sanity.tests.LogIn_RegAsTeacher_ELTC_005" tests="1" failures="0" timestamp="30 May 2019 05:04:52 GMT" time="47.180" errors="0">
  <testcase name="validLoginTest" time="47.180" classname="com.training.sanity.tests.LogIn_RegAsTeacher_ELTC_005"/>
</testsuite> <!-- com.training.sanity.tests.LogIn_RegAsTeacher_ELTC_005 -->
