<?xml version="1.0" encoding="UTF-8"?>
<!-- Generated by org.testng.reporters.JUnitReportReporter -->
<testsuite skipped="0" hostname="IBM044-PC05SKBH" name="com.training.sanity.tests.TeacherAddAssessment_ELTC_033" tests="1" failures="0" timestamp="09 Jun 2019 19:30:41 GMT" time="65.512" errors="0">
  <testcase name="validLoginTest" time="65.512" classname="com.training.sanity.tests.TeacherAddAssessment_ELTC_033"/>
</testsuite> <!-- com.training.sanity.tests.TeacherAddAssessment_ELTC_033 -->
