<?xml version="1.0" encoding="UTF-8"?>
<!-- Generated by org.testng.reporters.JUnitReportReporter -->
<testsuite skipped="0" hostname="IBM044-PC05SKBH" name="com.training.sanity.tests.LostRecoverPSWD_ELTC_004" tests="1" failures="0" timestamp="28 May 2019 11:14:08 GMT" time="37.201" errors="0">
  <testcase name="validLoginTest" time="37.201" classname="com.training.sanity.tests.LostRecoverPSWD_ELTC_004"/>
</testsuite> <!-- com.training.sanity.tests.LostRecoverPSWD_ELTC_004 -->
