<?xml version="1.0" encoding="UTF-8"?>
<!-- Generated by org.testng.reporters.JUnitReportReporter -->
<testsuite skipped="0" hostname="IBM044-PC05SKBH" name="com.training.sanity.tests.TeacherCourse_ELTC_031" tests="1" failures="0" timestamp="07 Jun 2019 08:15:04 GMT" time="79.728" errors="0">
  <testcase name="validLoginTest" time="79.728" classname="com.training.sanity.tests.TeacherCourse_ELTC_031"/>
</testsuite> <!-- com.training.sanity.tests.TeacherCourse_ELTC_031 -->
