<?xml version="1.0" encoding="UTF-8"?>
<!-- Generated by org.testng.reporters.JUnitReportReporter -->
<testsuite skipped="0" hostname="IBM044-PC05SKBH" name="com.training.sanity.tests.TeacherAddAssignChangeDefaultSettings_ELTC_034" tests="1" failures="0" timestamp="13 Jun 2019 15:11:08 GMT" time="129.508" errors="0">
  <testcase name="validLoginTest" time="129.508" classname="com.training.sanity.tests.TeacherAddAssignChangeDefaultSettings_ELTC_034"/>
</testsuite> <!-- com.training.sanity.tests.TeacherAddAssignChangeDefaultSettings_ELTC_034 -->
