<?xml version="1.0" encoding="UTF-8"?>
<!-- Generated by org.testng.reporters.JUnitReportReporter -->
<testsuite skipped="0" hostname="IBM044-PC05SKBH" name="com.training.regression.tests.MultipleUsersRegAsStudent_ELTC_061" tests="4" failures="0" timestamp="17 Jun 2019 09:01:24 GMT" time="192.721" errors="0">
  <testcase name="loginDBTest1" time="47.775" classname="com.training.regression.tests.MultipleUsersRegAsStudent_ELTC_061"/>
  <testcase name="loginDBTest1" time="49.172" classname="com.training.regression.tests.MultipleUsersRegAsStudent_ELTC_061"/>
  <testcase name="loginDBTest1" time="49.018" classname="com.training.regression.tests.MultipleUsersRegAsStudent_ELTC_061"/>
  <testcase name="loginDBTest1" time="46.756" classname="com.training.regression.tests.MultipleUsersRegAsStudent_ELTC_061"/>
</testsuite> <!-- com.training.regression.tests.MultipleUsersRegAsStudent_ELTC_061 -->
