<?xml version="1.0" encoding="UTF-8"?>
<!-- Generated by org.testng.reporters.JUnitReportReporter -->
<testsuite skipped="0" hostname="IBM044-PC05SKBH" name="com.training.sanity.tests.LoginTest_ELTC_002" tests="1" failures="0" timestamp="19 Jun 2019 17:07:18 GMT" time="44.516" errors="0">
  <testcase name="validLoginTest" time="44.516" classname="com.training.sanity.tests.LoginTest_ELTC_002"/>
</testsuite> <!-- com.training.sanity.tests.LoginTest_ELTC_002 -->
