<?xml version="1.0" encoding="UTF-8"?>
<!-- Generated by org.testng.reporters.JUnitReportReporter -->
<testsuite skipped="0" hostname="IBM044-PC05SKBH" name="com.training.regression.tests.TeacherAuthTestMultiquestions_ELTC_065" tests="4" failures="0" timestamp="20 Jun 2019 04:45:05 GMT" time="369.028" errors="0">
  <testcase name="loginDBTest1" time="99.548" classname="com.training.regression.tests.TeacherAuthTestMultiquestions_ELTC_065"/>
  <testcase name="loginDBTest1" time="90.308" classname="com.training.regression.tests.TeacherAuthTestMultiquestions_ELTC_065"/>
  <testcase name="loginDBTest1" time="88.922" classname="com.training.regression.tests.TeacherAuthTestMultiquestions_ELTC_065"/>
  <testcase name="loginDBTest1" time="90.250" classname="com.training.regression.tests.TeacherAuthTestMultiquestions_ELTC_065"/>
</testsuite> <!-- com.training.regression.tests.TeacherAuthTestMultiquestions_ELTC_065 -->
