<?xml version="1.0" encoding="UTF-8"?>
<!-- Generated by org.testng.reporters.JUnitReportReporter -->
<testsuite skipped="0" hostname="IBM044-PC05SKBH" name="com.training.sanity.tests.TeacherCreateTest_ELTC_032" tests="1" failures="0" timestamp="09 Jun 2019 15:05:13 GMT" time="93.662" errors="0">
  <testcase name="validLoginTest" time="93.662" classname="com.training.sanity.tests.TeacherCreateTest_ELTC_032"/>
</testsuite> <!-- com.training.sanity.tests.TeacherCreateTest_ELTC_032 -->
