<?xml version="1.0" encoding="UTF-8"?>
<!-- Generated by org.testng.reporters.JUnitReportReporter -->
<testsuite skipped="0" hostname="IBM044-PC05SKBH" name="com.training.regression.tests.LoginDBTest" tests="1" failures="0" timestamp="19 Jun 2019 11:03:21 GMT" time="33.321" errors="0">
  <testcase name="loginDBTest" time="33.321" classname="com.training.regression.tests.LoginDBTest"/>
</testsuite> <!-- com.training.regression.tests.LoginDBTest -->
