<?xml version="1.0" encoding="UTF-8"?>
<!-- Generated by org.testng.reporters.JUnitReportReporter -->
<testsuite skipped="0" hostname="IBM044-PC05SKBH" name="com.training.sanity.tests.TeacherReviewStudAassignment_ELTC_035" tests="1" failures="0" timestamp="14 Jun 2019 09:23:08 GMT" time="76.809" errors="0">
  <testcase name="validLoginTest" time="76.809" classname="com.training.sanity.tests.TeacherReviewStudAassignment_ELTC_035"/>
</testsuite> <!-- com.training.sanity.tests.TeacherReviewStudAassignment_ELTC_035 -->
