<?xml version="1.0" encoding="UTF-8"?>
<!-- Generated by org.testng.reporters.JUnitReportReporter -->
<testsuite skipped="0" hostname="IBM044-PC05SKBH" name="com.training.sanity.tests.TeacherAddAssignChangeDefaultSettings_ELTC_034" tests="1" failures="0" timestamp="10 Jun 2019 04:36:33 GMT" time="58.950" errors="0">
  <testcase name="validLoginTest" time="58.950" classname="com.training.sanity.tests.TeacherAddAssignChangeDefaultSettings_ELTC_034"/>
</testsuite> <!-- com.training.sanity.tests.TeacherAddAssignChangeDefaultSettings_ELTC_034 -->
