<?xml version="1.0" encoding="UTF-8"?>
<!-- Generated by org.testng.reporters.JUnitReportReporter -->
<testsuite skipped="0" hostname="IBM044-PC05SKBH" name="com.training.sanity.tests.TeacherCourse_ELTC_031" tests="1" failures="0" timestamp="13 Jun 2019 12:41:40 GMT" time="101.663" errors="0">
  <testcase name="validLoginTest" time="101.663" classname="com.training.sanity.tests.TeacherCourse_ELTC_031"/>
</testsuite> <!-- com.training.sanity.tests.TeacherCourse_ELTC_031 -->
